<?xml version="1.0" encoding="UTF-8"?>
<!-- Generated by org.testng.reporters.JUnitReportReporter -->
<testsuite skipped="0" hostname="Avanis-MacBook-Pro.local" name="com.acti.base.DriverScript" tests="1" failures="0" timestamp="21 Jan 2021 15:46:50 GMT" time="11.104" errors="0">
  <testcase name="initBrowser" time="11.104" classname="com.acti.base.DriverScript"/>
</testsuite> <!-- com.acti.base.DriverScript -->
